0 verbose cli /usr/local/bin/node /usr/local/bin/npm
1 info using npm@8.11.0
2 info using node@v16.16.0
3 timing npm:load:whichnode Completed in 1ms
4 timing config:load:defaults Completed in 5ms
5 timing config:load:file:/usr/local/lib/node_modules/npm/npmrc Completed in 3ms
6 timing config:load:builtin Completed in 4ms
7 warn config production Use `--omit=dev` instead.
8 timing config:load:cli Completed in 11ms
9 timing config:load:env Completed in 0ms
10 timing config:load:file:/data/.npmrc Completed in 2ms
11 timing config:load:project Completed in 13ms
12 timing config:load:file:/usr/src/node-red/.npmrc Completed in 0ms
13 timing config:load:user Completed in 1ms
14 timing config:load:file:/usr/local/etc/npmrc Completed in 20ms
15 timing config:load:global Completed in 21ms
16 timing config:load:validate Completed in 1ms
17 timing config:load:credentials Completed in 4ms
18 timing config:load:setEnvs Completed in 4ms
19 timing config:load Completed in 68ms
20 timing npm:load:configload Completed in 68ms
21 timing npm:load:mkdirpcache Completed in 10ms
22 timing npm:load:mkdirplogs Completed in 11ms
23 verbose title npm install node-red-contrib-postgresql@0.12.0
24 verbose argv "install" "--no-audit" "--no-update-notifier" "--no-fund" "--save" "--save-prefix" "~" "--production" "--engine-strict" "node-red-contrib-postgresql@0.12.0"
25 timing npm:load:setTitle Completed in 4ms
26 timing config:load:flatten Completed in 12ms
27 timing npm:load:display Completed in 18ms
28 verbose logfile logs-max:10 dir:/data/.npm/_logs
29 verbose logfile /data/.npm/_logs/2023-02-28T13_26_38_869Z-debug-0.log
30 timing npm:load:logFile Completed in 47ms
31 timing npm:load:timers Completed in 1ms
32 timing npm:load:configScope Completed in 0ms
33 timing npm:load Completed in 165ms
34 timing arborist:ctor Completed in 3ms
35 silly logfile done cleaning log files
36 timing idealTree:init Completed in 1094ms
37 timing idealTree:userRequests Completed in 6ms
38 silly idealTree buildDeps
39 silly fetch manifest node-red-contrib-postgresql@0.12.0
40 timing arborist:ctor Completed in 0ms
41 http fetch GET 200 https://registry.npmjs.org/node-red-contrib-postgresql 14555ms (cache miss)
42 silly placeDep ROOT node-red-contrib-postgresql@0.12.0 OK for: node-red-project@0.0.1 want: 0.12.0
43 silly fetch manifest mustache@^4.2.0
44 silly fetch manifest pg@^8.8.0
45 silly fetch manifest pg-cursor@^2.7.4
46 http fetch GET 200 https://registry.npmjs.org/pg 249ms (cache revalidated)
47 http fetch GET 200 https://registry.npmjs.org/mustache 930ms (cache miss)
48 http fetch GET 200 https://registry.npmjs.org/pg-cursor 932ms (cache revalidated)
49 timing idealTree:#root Completed in 15511ms
50 silly fetch manifest pg-native@>=3.0.1
51 http fetch GET 200 https://registry.npmjs.org/pg-native 161ms (cache miss)
52 silly placeDep ROOT mustache@4.2.0 OK for: node-red-contrib-postgresql@0.12.0 want: ^4.2.0
53 silly placeDep ROOT pg@8.9.0 REPLACE for: node-red-contrib-postgresql@0.12.0 want: ^8.8.0
54 silly placeDep ROOT pg-cursor@2.8.0 REPLACE for: node-red-contrib-postgresql@0.12.0 want: ^2.7.4
55 silly fetch manifest pg-pool@^3.5.2
56 silly fetch manifest pg-protocol@^1.6.0
57 http fetch GET 200 https://registry.npmjs.org/pg-pool 147ms (cache revalidated)
58 http fetch GET 200 https://registry.npmjs.org/pg-protocol 816ms (cache revalidated)
59 timing idealTree:node_modules/node-red-contrib-postgresql Completed in 1002ms
60 timing idealTree:node_modules/mustache Completed in 0ms
61 silly fetch manifest pg@>=8.0
62 silly placeDep ROOT pg-pool@3.5.2 OK for: pg@8.9.0 want: ^3.5.2
63 silly placeDep ROOT pg-protocol@1.6.0 OK for: pg@8.9.0 want: ^1.6.0
64 timing idealTree:node_modules/pg Completed in 15ms
65 timing idealTree:node_modules/pg-cursor Completed in 0ms
66 timing idealTree:node_modules/pg-pool Completed in 0ms
67 timing idealTree:node_modules/pg-protocol Completed in 0ms
68 timing idealTree:buildDeps Completed in 16537ms
69 timing idealTree:fixDepFlags Completed in 20ms
70 timing idealTree Completed in 17674ms
71 timing reify:loadTrees Completed in 17677ms
72 timing reify:diffTrees Completed in 107ms
73 silly reify mark retired [ '/data/node_modules/pg' ]
74 silly reify mark retired [ '/data/node_modules/pg-cursor' ]
75 silly reify mark retired [ '/data/node_modules/pg-pool' ]
76 silly reify mark retired [ '/data/node_modules/pg-protocol' ]
77 silly reify moves {
77 silly reify   '/data/node_modules/pg': '/data/node_modules/.pg-UAyuT6GF',
77 silly reify   '/data/node_modules/pg-cursor': '/data/node_modules/.pg-cursor-Q7WoAoA4',
77 silly reify   '/data/node_modules/pg-pool': '/data/node_modules/.pg-pool-qzBxIC0y',
77 silly reify   '/data/node_modules/pg-protocol': '/data/node_modules/.pg-protocol-lUoQErD8'
77 silly reify }
78 timing reify:retireShallow Completed in 45ms
79 timing reify:createSparse Completed in 21ms
80 timing reify:trashOmits Completed in 1ms
81 timing reify:loadBundles Completed in 0ms
82 verbose reify failed optional dependency /data/node_modules/fsevents
83 silly reify mark deleted [ '/data/node_modules/fsevents' ]
84 timing reifyNode:node_modules/fsevents Completed in 9ms
85 silly tarball no local data for pg@https://registry.npmjs.org/pg/-/pg-8.9.0.tgz. Extracting by manifest.
86 silly tarball no local data for node-red-contrib-postgresql@https://registry.npmjs.org/node-red-contrib-postgresql/-/node-red-contrib-postgresql-0.12.0.tgz. Extracting by manifest.
87 silly tarball no local data for pg-cursor@https://registry.npmjs.org/pg-cursor/-/pg-cursor-2.8.0.tgz. Extracting by manifest.
88 silly tarball no local data for mustache@https://registry.npmjs.org/mustache/-/mustache-4.2.0.tgz. Extracting by manifest.
89 silly tarball no local data for pg-protocol@https://registry.npmjs.org/pg-protocol/-/pg-protocol-1.6.0.tgz. Extracting by manifest.
90 silly tarball no local data for pg-pool@https://registry.npmjs.org/pg-pool/-/pg-pool-3.5.2.tgz. Extracting by manifest.
91 http fetch GET 200 https://registry.npmjs.org/pg-cursor/-/pg-cursor-2.8.0.tgz 32960ms (cache miss)
92 timing reifyNode:node_modules/pg-cursor Completed in 33013ms
93 http fetch GET 200 https://registry.npmjs.org/node-red-contrib-postgresql/-/node-red-contrib-postgresql-0.12.0.tgz 33007ms (cache miss)
94 timing reifyNode:node_modules/node-red-contrib-postgresql Completed in 33053ms
95 http fetch GET 200 https://registry.npmjs.org/pg/-/pg-8.9.0.tgz 36842ms (cache miss)
96 timing reifyNode:node_modules/pg Completed in 40281ms
97 http fetch GET 200 https://registry.npmjs.org/pg-pool/-/pg-pool-3.5.2.tgz 39577ms (cache miss)
98 timing reifyNode:node_modules/pg-pool Completed in 42390ms
99 http fetch GET 200 https://registry.npmjs.org/mustache/-/mustache-4.2.0.tgz 46536ms (cache miss)
100 timing reifyNode:node_modules/mustache Completed in 52184ms
101 http fetch GET 200 https://registry.npmjs.org/pg-protocol/-/pg-protocol-1.6.0.tgz 52221ms (cache miss)
102 timing reifyNode:node_modules/pg-protocol Completed in 52298ms
103 timing reify:unpack Completed in 52299ms
104 timing reify:unretire Completed in 1ms
105 timing build:queue Completed in 10ms
106 timing build:link:node_modules/mustache Completed in 41ms
107 timing build:link Completed in 42ms
108 timing build:deps Completed in 53ms
109 timing build Completed in 54ms
110 timing reify:build Completed in 56ms
111 timing reify:trash Completed in 299ms
112 timing reify:save Completed in 352ms
113 timing reify Completed in 71027ms
114 silly ADD node_modules/mustache
115 silly ADD node_modules/node-red-contrib-postgresql
116 silly ADD
117 silly CHANGE node_modules/pg-protocol
118 silly CHANGE node_modules/pg-pool
119 silly CHANGE node_modules/pg-cursor
120 silly CHANGE node_modules/pg
121 timing command:install Completed in 71045ms
122 verbose exit 0
123 timing npm Completed in 71473ms
124 info ok
