0 verbose cli /usr/local/bin/node /usr/local/bin/npm
1 info using npm@8.11.0
2 info using node@v16.16.0
3 timing npm:load:whichnode Completed in 0ms
4 timing config:load:defaults Completed in 5ms
5 timing config:load:file:/usr/local/lib/node_modules/npm/npmrc Completed in 3ms
6 timing config:load:builtin Completed in 3ms
7 warn config production Use `--omit=dev` instead.
8 timing config:load:cli Completed in 7ms
9 timing config:load:env Completed in 1ms
10 timing config:load:file:/data/.npmrc Completed in 2ms
11 timing config:load:project Completed in 658ms
12 timing config:load:file:/usr/src/node-red/.npmrc Completed in 0ms
13 timing config:load:user Completed in 1ms
14 timing config:load:file:/usr/local/etc/npmrc Completed in 4ms
15 timing config:load:global Completed in 4ms
16 timing config:load:validate Completed in 1ms
17 timing config:load:credentials Completed in 6ms
18 timing config:load:setEnvs Completed in 3ms
19 timing config:load Completed in 692ms
20 timing npm:load:configload Completed in 692ms
21 timing npm:load:mkdirpcache Completed in 11ms
22 timing npm:load:mkdirplogs Completed in 12ms
23 verbose title npm install node-red-contrib-re-postgres@0.3.3
24 verbose argv "install" "--no-audit" "--no-update-notifier" "--no-fund" "--save" "--save-prefix" "~" "--production" "--engine-strict" "node-red-contrib-re-postgres@0.3.3"
25 timing npm:load:setTitle Completed in 3ms
26 timing config:load:flatten Completed in 15ms
27 timing npm:load:display Completed in 22ms
28 verbose logfile logs-max:10 dir:/data/.npm/_logs
29 verbose logfile /data/.npm/_logs/2023-02-28T13_30_14_050Z-debug-0.log
30 timing npm:load:logFile Completed in 45ms
31 timing npm:load:timers Completed in 1ms
32 timing npm:load:configScope Completed in 0ms
33 timing npm:load Completed in 792ms
34 timing arborist:ctor Completed in 2ms
35 silly logfile done cleaning log files
36 timing idealTree:init Completed in 457ms
37 timing idealTree:userRequests Completed in 5ms
38 silly idealTree buildDeps
39 silly fetch manifest node-red-contrib-re-postgres@0.3.3
40 timing arborist:ctor Completed in 0ms
41 http fetch GET 200 https://registry.npmjs.org/node-red-contrib-re-postgres 2735ms (cache revalidated)
42 silly placeDep ROOT node-red-contrib-re-postgres@0.3.3 REPLACE for: node-red-project@0.0.1 want: 0.3.3
43 timing idealTree:#root Completed in 2760ms
44 timing idealTree:node_modules/node-red-contrib-re-postgres Completed in 0ms
45 timing idealTree:buildDeps Completed in 2764ms
46 timing idealTree:fixDepFlags Completed in 16ms
47 timing idealTree Completed in 3897ms
48 timing reify:loadTrees Completed in 3899ms
49 timing reify:diffTrees Completed in 100ms
50 silly reify moves {}
51 timing reify:retireShallow Completed in 3ms
52 timing reify:createSparse Completed in 11ms
53 timing reify:trashOmits Completed in 1ms
54 timing reify:loadBundles Completed in 0ms
55 verbose reify failed optional dependency /data/node_modules/fsevents
56 silly reify mark deleted [ '/data/node_modules/fsevents' ]
57 timing reifyNode:node_modules/fsevents Completed in 4ms
58 timing reify:unpack Completed in 5ms
59 timing reify:unretire Completed in 0ms
60 timing build:queue Completed in 7ms
61 timing build:deps Completed in 8ms
62 timing build Completed in 9ms
63 timing reify:build Completed in 13ms
64 timing reify:trash Completed in 5ms
65 timing reify:save Completed in 193ms
66 timing reify Completed in 12275ms
67 silly ADD
68 timing command:install Completed in 12283ms
69 verbose exit 0
70 timing npm Completed in 13231ms
71 info ok
