0 verbose cli /usr/local/bin/node /usr/local/bin/npm
1 info using npm@8.11.0
2 info using node@v16.16.0
3 timing npm:load:whichnode Completed in 0ms
4 timing config:load:defaults Completed in 4ms
5 timing config:load:file:/usr/local/lib/node_modules/npm/npmrc Completed in 1ms
6 timing config:load:builtin Completed in 3ms
7 timing config:load:cli Completed in 5ms
8 timing config:load:env Completed in 0ms
9 timing config:load:file:/data/.npmrc Completed in 1ms
10 timing config:load:project Completed in 8ms
11 timing config:load:file:/usr/src/node-red/.npmrc Completed in 1ms
12 timing config:load:user Completed in 1ms
13 timing config:load:file:/usr/local/etc/npmrc Completed in 3ms
14 timing config:load:global Completed in 3ms
15 timing config:load:validate Completed in 0ms
16 timing config:load:credentials Completed in 2ms
17 timing config:load:setEnvs Completed in 1ms
18 timing config:load Completed in 29ms
19 timing npm:load:configload Completed in 29ms
20 timing npm:load:mkdirpcache Completed in 7ms
21 timing npm:load:mkdirplogs Completed in 9ms
22 verbose title npm remove node-red-contrib-postgresql
23 verbose argv "remove" "--no-audit" "--no-update-notifier" "--no-fund" "--save" "node-red-contrib-postgresql"
24 timing npm:load:setTitle Completed in 2ms
25 timing config:load:flatten Completed in 6ms
26 timing npm:load:display Completed in 7ms
27 verbose logfile logs-max:10 dir:/data/.npm/_logs
28 verbose logfile /data/.npm/_logs/2023-02-28T13_30_49_416Z-debug-0.log
29 timing npm:load:logFile Completed in 26ms
30 timing npm:load:timers Completed in 1ms
31 timing npm:load:configScope Completed in 0ms
32 timing npm:load Completed in 83ms
33 timing arborist:ctor Completed in 2ms
34 silly logfile done cleaning log files
35 timing idealTree:init Completed in 324ms
36 timing idealTree:userRequests Completed in 2ms
37 silly idealTree buildDeps
38 timing idealTree:#root Completed in 0ms
39 timing idealTree:buildDeps Completed in 3ms
40 timing idealTree:fixDepFlags Completed in 14ms
41 timing idealTree Completed in 354ms
42 timing arborist:ctor Completed in 0ms
43 timing reify:loadTrees Completed in 818ms
44 timing reify:diffTrees Completed in 74ms
45 silly reify mark retired [ '/data/node_modules/mustache', '/data/node_modules/.bin/mustache' ]
46 silly reify mark retired [ '/data/node_modules/node-red-contrib-postgresql' ]
47 silly reify moves {
47 silly reify   '/data/node_modules/mustache': '/data/node_modules/.mustache-ROQ2oY93',
47 silly reify   '/data/node_modules/.bin/mustache': '/data/node_modules/.bin/.mustache-TTkgdA98',
47 silly reify   '/data/node_modules/node-red-contrib-postgresql': '/data/node_modules/.node-red-contrib-postgresql-IYEB5yK7'
47 silly reify }
48 timing reify:retireShallow Completed in 29ms
49 timing reify:createSparse Completed in 7ms
50 timing reify:loadBundles Completed in 0ms
51 verbose reify failed optional dependency /data/node_modules/fsevents
52 silly reify mark deleted [ '/data/node_modules/fsevents' ]
53 timing reifyNode:node_modules/fsevents Completed in 3ms
54 timing reify:unpack Completed in 3ms
55 timing reify:unretire Completed in 0ms
56 timing build:queue Completed in 6ms
57 timing build:deps Completed in 8ms
58 timing build Completed in 8ms
59 timing reify:build Completed in 9ms
60 timing reify:trash Completed in 106ms
61 timing reify:save Completed in 162ms
62 timing reify Completed in 1302ms
63 silly ADD
64 silly REMOVE node_modules/node-red-contrib-postgresql
65 silly REMOVE node_modules/mustache
66 timing command:remove Completed in 1312ms
67 verbose exit 0
68 timing npm Completed in 1484ms
69 info ok
